<?xml version="1.0" encoding="UTF-8"?>
<!-- Generated by org.testng.reporters.JUnitReportReporter -->
<testsuite hostname="N3217" failures="0" tests="2" name="com.qa.rest.tests.StagerToken" time="2.327" errors="0" timestamp="2023-02-17T15:43:50 IST" skipped="0">
  <testcase classname="com.qa.rest.tests.StagerToken" name="GetStagerToken" time="0.910"/>
  <system-out>
    <![CDATA[GetStagerToken Response is: {"token_type":"Bearer","expires_in":"3599","ext_expires_in":"3599","expires_on":"1676632428","not_before":"1676628528","resource":"71bdbfc7-5af4-4d3d-a5f4-920e6fd491ab","access_token":"eyJ0eXAiOiJKV1QiLCJhbGciOiJSUzI1NiIsIng1dCI6Ii1LSTNROW5OUjdiUm9meG1lWm9YcWJIWkdldyIsImtpZCI6Ii1LSTNROW5OUjdiUm9meG1lWm9YcWJIWkdldyJ9.eyJhdWQiOiI3MWJkYmZjNy01YWY0LTRkM2QtYTVmNC05MjBlNmZkNDkxYWIiLCJpc3MiOiJodHRwczovL3N0cy53aW5kb3dzLm5ldC8wNWE5NWU1ZC0wMTI1LTQzZDEtOTYzNS1hZjIwM2MwZmU4YzQvIiwiaWF0IjoxNjc2NjI4NTI4LCJuYmYiOjE2NzY2Mjg1MjgsImV4cCI6MTY3NjYzMjQyOCwiYWlvIjoiRTJaZ1lBaVNGN3ZUS0tGbng4YTk2ak5mNjhFVEFBPT0iLCJhcHBpZCI6IjcxYmRiZmM3LTVhZjQtNGQzZC1hNWY0LTkyMGU2ZmQ0OTFhYiIsImFwcGlkYWNyIjoiMSIsImlkcCI6Imh0dHBzOi8vc3RzLndpbmRvd3MubmV0LzA1YTk1ZTVkLTAxMjUtNDNkMS05NjM1LWFmMjAzYzBmZThjNC8iLCJvaWQiOiI0MmRkNzY4Ny0yOGE4LTQ0MDktYmE1Yi05ZGNiNjJhZTk0YjkiLCJyaCI6IjAuQVhJQVhWNnBCU1VCMFVPV05hOGdQQV9veE1lX3ZYSDBXajFOcGZTU0RtX1VrYXR5QUFBLiIsInN1YiI6IjQyZGQ3Njg3LTI4YTgtNDQwOS1iYTViLTlkY2I2MmFlOTRiOSIsInRpZCI6IjA1YTk1ZTVkLTAxMjUtNDNkMS05NjM1LWFmMjAzYzBmZThjNCIsInV0aSI6IkIxaUlyeG1hcGtTcEJHTVlVX2s0QUEiLCJ2ZXIiOiIxLjAifQ.rl6UPWVyVt25DcjqjeS6BoyBpsCpWmwxrhNV0hQ61AXP4Mj_b3WIzBNlUciSUA3DR-ly-zggfQz3W5K2NLwa57KT-p8MaPuBLD6zY1Ye1THhdR-kW6xCc9w1e2KLXyKVK0dpRGIJgIWPqqYaDXU3RXz9F2CqlnnbGQaZ1G6ty20JqI2yKOV7NDSkbMxGdgHg-vEzqwZaTVwa91MhS6z4YVvkE5hRfpT_NoeZajHsk2beJGesSJL7y6nrtACpMbfAOHci0Ix8lCBadWyjdsgDNDcpcJ_UavZt-Vjzy-iqHI64g95EJ0WhCnunJPqtu1dC6fe4zFAZfQRGYAerc6UmHA"}
statusCode is : 200]]>
  </system-out>
  <testcase classname="com.qa.rest.tests.StagerToken" name="GetCustomerType" time="1.417"/>
  <system-out>
    <![CDATA[GetCustomerType Response: {"Success":true,"Message":" BP is live ","StaggeredSystem":"D365","Customer":[{"FirstName":"SUMIT PAWAR","MiddleName":null,"LastName":null,"SAPCustomerCode":"1014067245","Email":null,"MobileNumber":null,"Street1":"MIDC INDL Area","Street2":"MIDC","Street3":"Airoli","City":"SURAT","State":"GUJARAT","District":null,"Pincode":"394210"}]}
statusCode is : 200]]>
  </system-out>
</testsuite> <!-- com.qa.rest.tests.StagerToken -->
