<?xml version="1.0" encoding="UTF-8"?>
<!-- Generated by org.testng.reporters.JUnitReportReporter -->
<testsuite hostname="N3217" failures="0" tests="4" name="com.qa.rest.tests.NewToken" time="8.328" errors="0" timestamp="2023-02-17T12:57:20 IST" skipped="0">
  <testcase classname="com.qa.rest.tests.NewToken" name="GetToken_Generation" time="2.925"/>
  <system-out>
    <![CDATA[Token_Generation Response {"token_type":"Bearer","expires_in":"3599","ext_expires_in":"3599","expires_on":"1676622431","not_before":"1676618531","resource":"https://eurekaforbes-posibol365.crm8.dynamics.com","access_token":"eyJ0eXAiOiJKV1QiLCJhbGciOiJSUzI1NiIsIng1dCI6Ii1LSTNROW5OUjdiUm9meG1lWm9YcWJIWkdldyIsImtpZCI6Ii1LSTNROW5OUjdiUm9meG1lWm9YcWJIWkdldyJ9.eyJhdWQiOiJodHRwczovL2V1cmVrYWZvcmJlcy1wb3NpYm9sMzY1LmNybTguZHluYW1pY3MuY29tIiwiaXNzIjoiaHR0cHM6Ly9zdHMud2luZG93cy5uZXQvMDVhOTVlNWQtMDEyNS00M2QxLTk2MzUtYWYyMDNjMGZlOGM0LyIsImlhdCI6MTY3NjYxODUzMSwibmJmIjoxNjc2NjE4NTMxLCJleHAiOjE2NzY2MjI0MzEsImFpbyI6IkUyWmdZTmpOODlYb0xzTnZiNGI1VCtibmRGMDVBQUE9IiwiYXBwaWQiOiI3MWJkYmZjNy01YWY0LTRkM2QtYTVmNC05MjBlNmZkNDkxYWIiLCJhcHBpZGFjciI6IjEiLCJpZHAiOiJodHRwczovL3N0cy53aW5kb3dzLm5ldC8wNWE5NWU1ZC0wMTI1LTQzZDEtOTYzNS1hZjIwM2MwZmU4YzQvIiwib2lkIjoiNDJkZDc2ODctMjhhOC00NDA5LWJhNWItOWRjYjYyYWU5NGI5IiwicmgiOiIwLkFYSUFYVjZwQlNVQjBVT1dOYThnUEFfb3hBY0FBQUFBQUFBQXdBQUFBQUFBQUFCeUFBQS4iLCJzdWIiOiI0MmRkNzY4Ny0yOGE4LTQ0MDktYmE1Yi05ZGNiNjJhZTk0YjkiLCJ0aWQiOiIwNWE5NWU1ZC0wMTI1LTQzZDEtOTYzNS1hZjIwM2MwZmU4YzQiLCJ1dGkiOiJicTZYVllwenNFT2VOY2g2eVlrMUFBIiwidmVyIjoiMS4wIn0.k1ympdhb_Q32TDBdf2X43RCQBPSCr8zKbpErslqjv6x9EGquA1xhPRjXlHHd_tw3e_nIAlZuhjNPIaMl6n1QSrzXZcm1nfEh3Q8b93rpqb7x_oKNJ_P_6IXhjpDm-8didjRhxQlVQZ_ies_fTLhW-Ks1L881CjXNnO3d_FF0PWUMZXsVJi5qsas9aw6YsmtcHs6w1mXfA-viZqDci5rFs_Mgm2FTFkl7Z9j6ymURcTcb3Ohdt-2XLZqLFAnu14YwnYmme-tZ6tmzgxzilBzCeytZcOHA8yD2di-FJlrk8qVHz8_NpwjNbWjZAWDKBYBCrugC3dW2XTLehAUp-yEmRg"}
statusCode is : 200]]>
  </system-out>
  <testcase classname="com.qa.rest.tests.NewToken" name="GetCustomerComponent" time="3.070"/>
  <system-out>
    <![CDATA[GetCustomerComponent Response {"@odata.context":"https://eurekaforbes-posibol365.crm8.dynamics.com/api/data/v9.1/$metadata#Microsoft.Dynamics.CRM.efl_GetCustomerComponentDetailsResponse","Response":"{\"E_FLAG\":true,\"ET_CUST_DET\":{\"CUSTOMER\":\"1014067245\",\"FIRSTNAME\":\"SUMIT PAWAR\",\"LASTNAME\":\"\",\"LANDLINE\":\"\",\"EMAIL\":\"SHIRKANDE.SWAPNALI@GMAIL.COM\",\"MOBILE\":\"9773430762\",\"HOUSENO\":\"\",\"STREET1\":\"MIDC INDL Area\",\"STREET2\":\"MIDC\",\"STREET3\":\"Airoli\",\"STREET4\":\"\",\"CITY\":\"615\",\"PINCODE\":\"394210\",\"COUNTRY\":\"IN\",\"REGION\":\"\",\"SEARCHTERM1\":\"\",\"SEARCHTERM2\":\"\",\"FLAG\":\"\",\"LANG\":\"\",\"GSTNO\":\"18AABCU9603R1ZM\",\"PAN\":\"AABCU9603R\"},\"E_COMP\":{\"item\":[{\"CUSTID\":\"1014067245\",\"COMPONENT_ID\":\"34657053\",\"IBASE\":null,\"PRODUCT_ID\":\"GWPDCTLPL00000\",\"PRODUCT_DESCRIPT\":\"AQUAGUARD CRYSTAL PLUS UV\",\"CONTRACT_NUMBER\":\"0300420665\",\"CONTRACT_STATUS\":\"IC\",\"VALID_FROM\":\"20210621\",\"VALID_TO\":\"20230620\",\"FLAG\":\"\",\"LOCATED_AT\":\"Functional Location\",\"SERIAL_NUMBER\":\"2240104184001854\",\"SERVICEBP\":\"14195\",\"SERVICEBP_EMAIL\":\"14195@genuineservice.eurekaforbes.com\",\"PRODUCT_CATEGORY\":\"Water Purifiers\"}]}}"}
statusCode is : 200]]>
  </system-out>
  <testcase classname="com.qa.rest.tests.NewToken" name="GetProductOptionAMC" time="1.401"/>
  <system-out>
    <![CDATA[GetProductOptionAMC Response {"@odata.context":"https://eurekaforbes-posibol365.crm8.dynamics.com/api/data/v9.1/$metadata#Microsoft.Dynamics.CRM.efl_GetAMCProductPriceResponse","Response":"{\"E_FLAG\":true,\"Message\":\"AMC_Product_Price retrieved successfully.\",\"T_AMCPROD_PRICE\":[{\"MPRODUCT\":\"GWPDCTLPL00000\",\"AMC_PROD\":\"SCTLPL000C12\",\"PROD_DESC\":\"AS CD CRYSTAL PLUS UV -12 MTH COMP AMC\",\"PRICE\":2150.00,\"CURRENCY\":\"INR\",\"DISCOUNT\":0.0,\"SPL_DISCOUNT\":0.0,\"TOTAL\":2150.00,\"DEFAULT_IND\":null,\"CONT_DURATN\":12,\"CATEGORY\":null},{\"MPRODUCT\":\"GWPDCTLPL00000\",\"AMC_PROD\":\"SCTLPL000C24\",\"PROD_DESC\":\"AS CD CRYSTAL PLUS UV -24 MTH COMP AMC\",\"PRICE\":3900.00,\"CURRENCY\":\"INR\",\"DISCOUNT\":0.0,\"SPL_DISCOUNT\":0.0,\"TOTAL\":3900.00,\"DEFAULT_IND\":null,\"CONT_DURATN\":24,\"CATEGORY\":null},{\"MPRODUCT\":\"GWPDCTLPL00000\",\"AMC_PROD\":\"SCTLPL000C36\",\"PROD_DESC\":\"AS CD CRYSTAL PLUS UV -36 MTH COMP AMC\",\"PRICE\":5650.00,\"CURRENCY\":\"INR\",\"DISCOUNT\":0.0,\"SPL_DISCOUNT\":0.0,\"TOTAL\":5650.00,\"DEFAULT_IND\":null,\"CONT_DURATN\":36,\"CATEGORY\":null}]}"}
statusCode is : 200]]>
  </system-out>
  <testcase classname="com.qa.rest.tests.NewToken" name="GetCustomerDetails" time="0.932"/>
  <system-out>
    <![CDATA[GetCustomerDetails Response:{"@odata.context":"https://eurekaforbes-posibol365.crm8.dynamics.com/api/data/v9.1/$metadata#Microsoft.Dynamics.CRM.efl_contactDetailsResponse","Response":"{\"Success\":true,\"Message\":\"Customer found.\",\"Value\":[{\"FirstName\":\"SUMIT PAWAR\",\"MiddleName\":null,\"LastName\":null,\"Email\":\"SHIRKANDE.SWAPNALI@GMAIL.COM\",\"Mobile\":\"9773430762\",\"DoorNo\":\"B/203\",\"Street1\":\"MIDC INDL Area\",\"Street2\":\"MIDC\",\"Street3\":\"Airoli\",\"Street4\":null,\"City\":\"SURAT\",\"State\":\"GUJARAT\",\"District\":null,\"Pincode\":\"394210\",\"SAPCustomerCode\":\"1014067245\",\"ServiceAccount_CustomerAsset\":[{\"Name\":\"34657053\",\"AssetSerialNumber\":\"2240104184001854\",\"ProductName\":\"AQUAGUARD CRYSTAL PLUS UV\",\"ProductCode\":\"GWPDCTLPL00000\"}]}]}"}
statusCode is : 200]]>
  </system-out>
</testsuite> <!-- com.qa.rest.tests.NewToken -->
