<?xml version="1.0" encoding="UTF-8"?>
<!-- Generated by org.testng.reporters.JUnitReportReporter -->
<testsuite hostname="N3217" failures="0" tests="2" name="com.qa.rest.tests.StagerToken" time="2.332" errors="0" timestamp="2023-02-17T12:57:20 IST" skipped="0">
  <testcase classname="com.qa.rest.tests.StagerToken" name="GetStagerToken" time="0.827"/>
  <system-out>
    <![CDATA[GetStagerToken Response is: {"token_type":"Bearer","expires_in":"3599","ext_expires_in":"3599","expires_on":"1676622438","not_before":"1676618538","resource":"71bdbfc7-5af4-4d3d-a5f4-920e6fd491ab","access_token":"eyJ0eXAiOiJKV1QiLCJhbGciOiJSUzI1NiIsIng1dCI6Ii1LSTNROW5OUjdiUm9meG1lWm9YcWJIWkdldyIsImtpZCI6Ii1LSTNROW5OUjdiUm9meG1lWm9YcWJIWkdldyJ9.eyJhdWQiOiI3MWJkYmZjNy01YWY0LTRkM2QtYTVmNC05MjBlNmZkNDkxYWIiLCJpc3MiOiJodHRwczovL3N0cy53aW5kb3dzLm5ldC8wNWE5NWU1ZC0wMTI1LTQzZDEtOTYzNS1hZjIwM2MwZmU4YzQvIiwiaWF0IjoxNjc2NjE4NTM4LCJuYmYiOjE2NzY2MTg1MzgsImV4cCI6MTY3NjYyMjQzOCwiYWlvIjoiRTJaZ1lOQk40SlZmbGU5MlRzbDFiOG04cGM5akFBPT0iLCJhcHBpZCI6IjcxYmRiZmM3LTVhZjQtNGQzZC1hNWY0LTkyMGU2ZmQ0OTFhYiIsImFwcGlkYWNyIjoiMSIsImlkcCI6Imh0dHBzOi8vc3RzLndpbmRvd3MubmV0LzA1YTk1ZTVkLTAxMjUtNDNkMS05NjM1LWFmMjAzYzBmZThjNC8iLCJvaWQiOiI0MmRkNzY4Ny0yOGE4LTQ0MDktYmE1Yi05ZGNiNjJhZTk0YjkiLCJyaCI6IjAuQVhJQVhWNnBCU1VCMFVPV05hOGdQQV9veE1lX3ZYSDBXajFOcGZTU0RtX1VrYXR5QUFBLiIsInN1YiI6IjQyZGQ3Njg3LTI4YTgtNDQwOS1iYTViLTlkY2I2MmFlOTRiOSIsInRpZCI6IjA1YTk1ZTVkLTAxMjUtNDNkMS05NjM1LWFmMjAzYzBmZThjNCIsInV0aSI6Ind3dnR1b0hGV2tHZUdJcEJBOEJTQUEiLCJ2ZXIiOiIxLjAifQ.LIURzTOBwhViN-tVIk43zJ_M2E5a50Ms6pJ1v2rZpu_5I9uVDRFmts8DRHnWxylbHs9EgqslB7One5N6UCdPYMNINRBTnXwlkdUeMI7VKrpYw1cngTMnpafb4auFrMnvqU6ZQpcKoZzZ9qkU6Pg4K7BoHZW6Jc63gdB9emYRRCK7knBdKvYlb3tUO2aA2Lsr2h5JFYOYukw3Tch-GdlQSz77jAFsQthhTp3mu2iZiOBr5M-LpVcG4c9ZeTLIi5noo2EpNF5r0WX5QafaGWT2FWvXuiLK6Fl2uQMXBdNosHZ-cUBers-vc0QEgO5jxBN_2ml9WIGZydrLD38deOzMLQ"}
statusCode is : 200]]>
  </system-out>
  <testcase classname="com.qa.rest.tests.StagerToken" name="GetCustomerType" time="1.505"/>
  <system-out>
    <![CDATA[GetCustomerType Response: {"Success":true,"Message":" BP is live ","StaggeredSystem":"D365","Customer":[{"FirstName":"SUMIT PAWAR","MiddleName":null,"LastName":null,"SAPCustomerCode":"1014067245","Email":null,"MobileNumber":null,"Street1":"MIDC INDL Area","Street2":"MIDC","Street3":"Airoli","City":"SURAT","State":"GUJARAT","District":null,"Pincode":"394210"}]}
statusCode is : 200]]>
  </system-out>
</testsuite> <!-- com.qa.rest.tests.StagerToken -->
