<?xml version="1.0" encoding="UTF-8"?>
<!-- Generated by org.testng.reporters.JUnitReportReporter -->
<testsuite hostname="N3217" failures="0" tests="2" name="com.qa.rest.tests.StagerToken" time="2.380" errors="0" timestamp="2023-02-17T15:20:29 IST" skipped="0">
  <testcase classname="com.qa.rest.tests.StagerToken" name="GetStagerToken" time="1.059"/>
  <system-out>
    <![CDATA[GetStagerToken Response is: {"token_type":"Bearer","expires_in":"3599","ext_expires_in":"3599","expires_on":"1676631028","not_before":"1676627128","resource":"71bdbfc7-5af4-4d3d-a5f4-920e6fd491ab","access_token":"eyJ0eXAiOiJKV1QiLCJhbGciOiJSUzI1NiIsIng1dCI6Ii1LSTNROW5OUjdiUm9meG1lWm9YcWJIWkdldyIsImtpZCI6Ii1LSTNROW5OUjdiUm9meG1lWm9YcWJIWkdldyJ9.eyJhdWQiOiI3MWJkYmZjNy01YWY0LTRkM2QtYTVmNC05MjBlNmZkNDkxYWIiLCJpc3MiOiJodHRwczovL3N0cy53aW5kb3dzLm5ldC8wNWE5NWU1ZC0wMTI1LTQzZDEtOTYzNS1hZjIwM2MwZmU4YzQvIiwiaWF0IjoxNjc2NjI3MTI4LCJuYmYiOjE2NzY2MjcxMjgsImV4cCI6MTY3NjYzMTAyOCwiYWlvIjoiRTJaZ1lMaFI2dmE3OWZ4RHZ1blRaN0Y5YnY1VENRQT0iLCJhcHBpZCI6IjcxYmRiZmM3LTVhZjQtNGQzZC1hNWY0LTkyMGU2ZmQ0OTFhYiIsImFwcGlkYWNyIjoiMSIsImlkcCI6Imh0dHBzOi8vc3RzLndpbmRvd3MubmV0LzA1YTk1ZTVkLTAxMjUtNDNkMS05NjM1LWFmMjAzYzBmZThjNC8iLCJvaWQiOiI0MmRkNzY4Ny0yOGE4LTQ0MDktYmE1Yi05ZGNiNjJhZTk0YjkiLCJyaCI6IjAuQVhJQVhWNnBCU1VCMFVPV05hOGdQQV9veE1lX3ZYSDBXajFOcGZTU0RtX1VrYXR5QUFBLiIsInN1YiI6IjQyZGQ3Njg3LTI4YTgtNDQwOS1iYTViLTlkY2I2MmFlOTRiOSIsInRpZCI6IjA1YTk1ZTVkLTAxMjUtNDNkMS05NjM1LWFmMjAzYzBmZThjNCIsInV0aSI6InE4Tm1kLWpwRFUyUVRUZ29wM3RpQUEiLCJ2ZXIiOiIxLjAifQ.GWJrOPznWPzvh-uqYTlOA469gnCE1hTRb-o5DmVeuJ3nWlqkbJTrUipU2NfUza-xjyVn_O7Uhxyz1JOvkU39Sme9VnPnkHttatDDuXgUMJbPZqPpmvQ5vsPm_fOuVB7l63T8siKx6ZX_Bg8yhzgCKD2Rtmt-fQLYRHxg9Dxbdle3TPxfM0tPl8d_DfUQtOU8DswZN2oBHkxRdGZpK3N1bFTZuKuHCvYd53_hQuM-a9U68fsgRzXxxOLp_dKjKi2kp14N_Ul-VQLV-RrP_ToQVCQuU0C9NSo5i6jeWZ_TdCHiP3fcyYqxC_3MnS-dc5AOtUs-nM-WO96O5q-pNLUE0Q"}
statusCode is : 200]]>
  </system-out>
  <testcase classname="com.qa.rest.tests.StagerToken" name="GetCustomerType" time="1.321"/>
  <system-out>
    <![CDATA[GetCustomerType Response: {"Success":true,"Message":" BP is live ","StaggeredSystem":"D365","Customer":[{"FirstName":"SUMIT PAWAR","MiddleName":null,"LastName":null,"SAPCustomerCode":"1014067245","Email":null,"MobileNumber":null,"Street1":"MIDC INDL Area","Street2":"MIDC","Street3":"Airoli","City":"SURAT","State":"GUJARAT","District":null,"Pincode":"394210"}]}
statusCode is : 200]]>
  </system-out>
</testsuite> <!-- com.qa.rest.tests.StagerToken -->
