<?xml version="1.0" encoding="UTF-8"?>
<!-- Generated by org.testng.reporters.JUnitReportReporter -->
<testsuite hostname="N3217" failures="0" tests="1" name="com.qa.rest.tests.NewChecResponse" time="1.692" errors="1" timestamp="2023-02-16T14:38:15 IST" skipped="0">
  <testcase classname="com.qa.rest.tests.NewChecResponse" name="GetAccessToken1" time="1.692">
    <error type="org.apache.http.client.ClientProtocolException">
      <![CDATA[org.apache.http.client.ClientProtocolException
at org.apache.http.impl.client.AbstractHttpClient.doExecute(AbstractHttpClient.java:839)
at org.apache.http.impl.client.CloseableHttpClient.execute(CloseableHttpClient.java:83)
at org.apache.http.impl.client.CloseableHttpClient.execute(CloseableHttpClient.java:56)
at org.apache.http.client.HttpClient$execute$0.call(Unknown Source)
at org.codehaus.groovy.runtime.callsite.CallSiteArray.defaultCall(CallSiteArray.java:48)
at org.codehaus.groovy.runtime.callsite.AbstractCallSite.call(AbstractCallSite.java:113)
at org.codehaus.groovy.runtime.callsite.AbstractCallSite.call(AbstractCallSite.java:133)
at io.restassured.internal.RequestSpecificationImpl$RestAssuredHttpBuilder.doRequest(RequestSpecificationImpl.groovy:2128)
at io.restassured.internal.http.HTTPBuilder.post(HTTPBuilder.java:349)
at io.restassured.internal.http.HTTPBuilder$post$2.call(Unknown Source)
at org.codehaus.groovy.runtime.callsite.CallSiteArray.defaultCall(CallSiteArray.java:48)
at org.codehaus.groovy.runtime.callsite.AbstractCallSite.call(AbstractCallSite.java:113)
at org.codehaus.groovy.runtime.callsite.AbstractCallSite.call(AbstractCallSite.java:133)
at io.restassured.internal.RequestSpecificationImpl.sendRequest(RequestSpecificationImpl.groovy:1271)
at java.base/jdk.internal.reflect.NativeMethodAccessorImpl.invoke0(Native Method)
at java.base/jdk.internal.reflect.NativeMethodAccessorImpl.invoke(NativeMethodAccessorImpl.java:77)
at java.base/jdk.internal.reflect.DelegatingMethodAccessorImpl.invoke(DelegatingMethodAccessorImpl.java:43)
at java.base/java.lang.reflect.Method.invoke(Method.java:568)
at org.codehaus.groovy.reflection.CachedMethod.invoke(CachedMethod.java:93)
at groovy.lang.MetaMethod.doMethodInvoke(MetaMethod.java:325)
at groovy.lang.MetaClassImpl.invokeMethod(MetaClassImpl.java:1213)
at groovy.lang.MetaClassImpl.invokeMethod(MetaClassImpl.java:1022)
at groovy.lang.MetaClassImpl.invokeMethod(MetaClassImpl.java:810)
at io.restassured.internal.RequestSpecificationImpl.invokeMethod(RequestSpecificationImpl.groovy)
at org.codehaus.groovy.runtime.callsite.PogoInterceptableSite.call(PogoInterceptableSite.java:48)
at org.codehaus.groovy.runtime.callsite.CallSiteArray.defaultCall(CallSiteArray.java:48)
at org.codehaus.groovy.runtime.callsite.AbstractCallSite.call(AbstractCallSite.java:113)
at org.codehaus.groovy.runtime.callsite.AbstractCallSite.call(AbstractCallSite.java:149)
at io.restassured.internal.filter.SendRequestFilter.filter(SendRequestFilter.groovy:30)
at io.restassured.filter.Filter$filter$0.call(Unknown Source)
at org.codehaus.groovy.runtime.callsite.CallSiteArray.defaultCall(CallSiteArray.java:48)
at io.restassured.filter.Filter$filter.call(Unknown Source)
at io.restassured.internal.filter.FilterContextImpl.next(FilterContextImpl.groovy:72)
at io.restassured.filter.time.TimingFilter.filter(TimingFilter.java:56)
at io.restassured.filter.Filter$filter.call(Unknown Source)
at org.codehaus.groovy.runtime.callsite.CallSiteArray.defaultCall(CallSiteArray.java:48)
at org.codehaus.groovy.runtime.callsite.AbstractCallSite.call(AbstractCallSite.java:113)
at org.codehaus.groovy.runtime.callsite.AbstractCallSite.call(AbstractCallSite.java:141)
at io.restassured.internal.filter.FilterContextImpl.next(FilterContextImpl.groovy:72)
at io.restassured.filter.FilterContext$next.call(Unknown Source)
at org.codehaus.groovy.runtime.callsite.CallSiteArray.defaultCall(CallSiteArray.java:48)
at org.codehaus.groovy.runtime.callsite.AbstractCallSite.call(AbstractCallSite.java:113)
at org.codehaus.groovy.runtime.callsite.AbstractCallSite.call(AbstractCallSite.java:133)
at io.restassured.internal.RequestSpecificationImpl.applyPathParamsAndSendRequest(RequestSpecificationImpl.groovy:1731)
at java.base/jdk.internal.reflect.NativeMethodAccessorImpl.invoke0(Native Method)
at java.base/jdk.internal.reflect.NativeMethodAccessorImpl.invoke(NativeMethodAccessorImpl.java:77)
at java.base/jdk.internal.reflect.DelegatingMethodAccessorImpl.invoke(DelegatingMethodAccessorImpl.java:43)
at java.base/java.lang.reflect.Method.invoke(Method.java:568)
at org.codehaus.groovy.reflection.CachedMethod.invoke(CachedMethod.java:93)
at groovy.lang.MetaMethod.doMethodInvoke(MetaMethod.java:325)
at groovy.lang.MetaClassImpl.invokeMethod(MetaClassImpl.java:1213)
at groovy.lang.MetaClassImpl.invokeMethod(MetaClassImpl.java:1022)
at groovy.lang.MetaClassImpl.invokeMethod(MetaClassImpl.java:810)
at io.restassured.internal.RequestSpecificationImpl.invokeMethod(RequestSpecificationImpl.groovy)
at org.codehaus.groovy.runtime.callsite.PogoInterceptableSite.call(PogoInterceptableSite.java:48)
at org.codehaus.groovy.runtime.callsite.PogoInterceptableSite.callCurrent(PogoInterceptableSite.java:58)
at org.codehaus.groovy.runtime.callsite.CallSiteArray.defaultCallCurrent(CallSiteArray.java:52)
at org.codehaus.groovy.runtime.callsite.AbstractCallSite.callCurrent(AbstractCallSite.java:154)
at org.codehaus.groovy.runtime.callsite.AbstractCallSite.callCurrent(AbstractCallSite.java:182)
at io.restassured.internal.RequestSpecificationImpl.applyPathParamsAndSendRequest(RequestSpecificationImpl.groovy:1737)
at java.base/jdk.internal.reflect.NativeMethodAccessorImpl.invoke0(Native Method)
at java.base/jdk.internal.reflect.NativeMethodAccessorImpl.invoke(NativeMethodAccessorImpl.java:77)
at java.base/jdk.internal.reflect.DelegatingMethodAccessorImpl.invoke(DelegatingMethodAccessorImpl.java:43)
at java.base/java.lang.reflect.Method.invoke(Method.java:568)
at org.codehaus.groovy.reflection.CachedMethod.invoke(CachedMethod.java:93)
at groovy.lang.MetaMethod.doMethodInvoke(MetaMethod.java:325)
at groovy.lang.MetaClassImpl.invokeMethod(MetaClassImpl.java:1213)
at groovy.lang.MetaClassImpl.invokeMethod(MetaClassImpl.java:1022)
at groovy.lang.MetaClassImpl.invokeMethod(MetaClassImpl.java:810)
at io.restassured.internal.RequestSpecificationImpl.invokeMethod(RequestSpecificationImpl.groovy)
at org.codehaus.groovy.runtime.callsite.PogoInterceptableSite.call(PogoInterceptableSite.java:48)
at org.codehaus.groovy.runtime.callsite.PogoInterceptableSite.callCurrent(PogoInterceptableSite.java:58)
at org.codehaus.groovy.runtime.callsite.CallSiteArray.defaultCallCurrent(CallSiteArray.java:52)
at org.codehaus.groovy.runtime.callsite.AbstractCallSite.callCurrent(AbstractCallSite.java:154)
at org.codehaus.groovy.runtime.callsite.AbstractCallSite.callCurrent(AbstractCallSite.java:182)
at io.restassured.internal.RequestSpecificationImpl.post(RequestSpecificationImpl.groovy:174)
at io.restassured.internal.RequestSpecificationImpl.post(RequestSpecificationImpl.groovy)
at com.qa.rest.tests.NewChecResponse.GetAccessToken1(NewChecResponse.java:40)
at java.base/jdk.internal.reflect.NativeMethodAccessorImpl.invoke0(Native Method)
at java.base/jdk.internal.reflect.NativeMethodAccessorImpl.invoke(NativeMethodAccessorImpl.java:77)
at java.base/jdk.internal.reflect.DelegatingMethodAccessorImpl.invoke(DelegatingMethodAccessorImpl.java:43)
at java.base/java.lang.reflect.Method.invoke(Method.java:568)
at org.testng.internal.MethodInvocationHelper.invokeMethod(MethodInvocationHelper.java:133)
at org.testng.internal.TestInvoker.invokeMethod(TestInvoker.java:598)
at org.testng.internal.TestInvoker.invokeTestMethod(TestInvoker.java:173)
at org.testng.internal.MethodRunner.runInSequence(MethodRunner.java:46)
at org.testng.internal.TestInvoker$MethodInvocationAgent.invoke(TestInvoker.java:824)
at org.testng.internal.TestInvoker.invokeTestMethods(TestInvoker.java:146)
at org.testng.internal.TestMethodWorker.invokeTestMethods(TestMethodWorker.java:146)
at org.testng.internal.TestMethodWorker.run(TestMethodWorker.java:128)
at java.base/java.util.ArrayList.forEach(ArrayList.java:1511)
at org.testng.TestRunner.privateRun(TestRunner.java:794)
at org.testng.TestRunner.run(TestRunner.java:596)
at org.testng.SuiteRunner.runTest(SuiteRunner.java:377)
at org.testng.SuiteRunner.runSequentially(SuiteRunner.java:371)
at org.testng.SuiteRunner.privateRun(SuiteRunner.java:332)
at org.testng.SuiteRunner.run(SuiteRunner.java:276)
at org.testng.SuiteRunnerWorker.runSuite(SuiteRunnerWorker.java:53)
at org.testng.SuiteRunnerWorker.run(SuiteRunnerWorker.java:96)
at org.testng.TestNG.runSuitesSequentially(TestNG.java:1212)
at org.testng.TestNG.runSuitesLocally(TestNG.java:1134)
at org.testng.TestNG.runSuites(TestNG.java:1063)
at org.testng.TestNG.run(TestNG.java:1031)
at org.testng.remote.AbstractRemoteTestNG.run(AbstractRemoteTestNG.java:115)
at org.testng.remote.RemoteTestNG.initAndRun(RemoteTestNG.java:251)
at org.testng.remote.RemoteTestNG.main(RemoteTestNG.java:77)
Caused by: org.apache.http.ProtocolException: Content-Length header already present
at org.apache.http.protocol.RequestContent.process(RequestContent.java:97)
at org.apache.http.protocol.ImmutableHttpProcessor.process(ImmutableHttpProcessor.java:133)
at org.apache.http.protocol.HttpRequestExecutor.preProcess(HttpRequestExecutor.java:167)
at org.apache.http.impl.client.DefaultRequestDirector.execute(DefaultRequestDirector.java:484)
at org.apache.http.impl.client.AbstractHttpClient.doExecute(AbstractHttpClient.java:835)
... 105 more
]]>
    </error>
  </testcase> <!-- GetAccessToken1 -->
  <system-out/>
</testsuite> <!-- com.qa.rest.tests.NewChecResponse -->
